2022-06-16 16:24:45,651 INFO org.hibernate.validator.internal.util.Version [background-preinit] HV000001: Hibernate Validator 6.2.0.Final
2022-06-16 16:24:45,686 INFO org.springframework.boot.StartupInfoLogger [main] Starting CoreSpringApplication using Java 16.0.2 on DESKTOP-BHI1D2G with PID 22580 (D:\vmo\web project\javaspring\target\classes started by ASUS in D:\vmo\web project\javaspring)
2022-06-16 16:24:45,687 DEBUG org.springframework.boot.StartupInfoLogger [main] Running with Spring Boot v2.5.1, Spring v5.3.8
2022-06-16 16:24:45,687 INFO org.springframework.boot.SpringApplication [main] No active profile set, falling back to default profiles: default
2022-06-16 16:24:46,663 INFO org.springframework.data.repository.config.RepositoryConfigurationDelegate [main] Multiple Spring Data modules found, entering strict repository configuration mode!
2022-06-16 16:24:46,665 INFO org.springframework.data.repository.config.RepositoryConfigurationDelegate [main] Bootstrapping Spring Data Redis repositories in DEFAULT mode.
2022-06-16 16:24:46,689 INFO org.springframework.data.repository.config.RepositoryConfigurationDelegate [main] Finished Spring Data repository scanning in 8 ms. Found 0 Redis repository interfaces.
2022-06-16 16:24:46,952 INFO org.springframework.data.repository.config.RepositoryConfigurationDelegate [main] Multiple Spring Data modules found, entering strict repository configuration mode!
2022-06-16 16:24:46,952 INFO org.springframework.data.repository.config.RepositoryConfigurationDelegate [main] Bootstrapping Spring Data JPA repositories in DEFAULT mode.
2022-06-16 16:24:47,102 INFO org.springframework.data.repository.config.RepositoryConfigurationDelegate [main] Finished Spring Data repository scanning in 144 ms. Found 2 JPA repository interfaces.
2022-06-16 16:24:47,113 INFO org.springframework.data.repository.config.RepositoryConfigurationDelegate [main] Multiple Spring Data modules found, entering strict repository configuration mode!
2022-06-16 16:24:47,113 INFO org.springframework.data.repository.config.RepositoryConfigurationDelegate [main] Bootstrapping Spring Data Redis repositories in DEFAULT mode.
2022-06-16 16:24:47,130 INFO org.springframework.data.repository.config.RepositoryConfigurationExtensionSupport [main] Spring Data Redis - Could not safely identify store assignment for repository candidate interface com.vmo.core.repositories.AccountRepository. If you want this repository to be a Redis repository, consider annotating your entities with one of these annotations: org.springframework.data.redis.core.RedisHash (preferred), or consider extending one of the following types with your repository: org.springframework.data.keyvalue.repository.KeyValueRepository.
2022-06-16 16:24:47,132 INFO org.springframework.data.repository.config.RepositoryConfigurationExtensionSupport [main] Spring Data Redis - Could not safely identify store assignment for repository candidate interface com.vmo.core.repositories.PersonRepository. If you want this repository to be a Redis repository, consider annotating your entities with one of these annotations: org.springframework.data.redis.core.RedisHash (preferred), or consider extending one of the following types with your repository: org.springframework.data.keyvalue.repository.KeyValueRepository.
2022-06-16 16:24:47,133 INFO org.springframework.data.repository.config.RepositoryConfigurationDelegate [main] Finished Spring Data repository scanning in 19 ms. Found 0 Redis repository interfaces.
2022-06-16 16:24:47,666 INFO org.springframework.boot.web.embedded.tomcat.TomcatWebServer [main] Tomcat initialized with port(s): 8080 (http)
2022-06-16 16:24:47,676 INFO org.apache.juli.logging.DirectJDKLog [main] Initializing ProtocolHandler ["http-nio-8080"]
2022-06-16 16:24:47,676 INFO org.apache.juli.logging.DirectJDKLog [main] Starting service [Tomcat]
2022-06-16 16:24:47,676 INFO org.apache.juli.logging.DirectJDKLog [main] Starting Servlet engine: [Apache Tomcat/9.0.46]
2022-06-16 16:24:47,801 INFO org.apache.juli.logging.DirectJDKLog [main] Initializing Spring embedded WebApplicationContext
2022-06-16 16:24:47,801 INFO org.springframework.boot.web.servlet.context.ServletWebServerApplicationContext [main] Root WebApplicationContext: initialization completed in 2058 ms
2022-06-16 16:24:48,001 WARN org.springframework.boot.autoconfigure.orm.jpa.JpaBaseConfiguration$JpaWebConfiguration [main] spring.jpa.open-in-view is enabled by default. Therefore, database queries may be performed during view rendering. Explicitly configure spring.jpa.open-in-view to disable this warning
2022-06-16 16:24:48,201 INFO com.zaxxer.hikari.HikariDataSource [main] HikariPool-1 - Starting...
2022-06-16 16:24:48,575 INFO com.zaxxer.hikari.HikariDataSource [main] HikariPool-1 - Start completed.
2022-06-16 16:24:48,653 INFO org.hibernate.jpa.internal.util.LogHelper [main] HHH000204: Processing PersistenceUnitInfo [name: default]
2022-06-16 16:24:48,698 INFO org.hibernate.Version [main] HHH000412: Hibernate ORM core version 5.4.32.Final
2022-06-16 16:24:48,825 INFO org.hibernate.annotations.common.reflection.java.JavaReflectionManager [main] HCANN000001: Hibernate Commons Annotations {5.1.2.Final}
2022-06-16 16:24:48,928 INFO org.hibernate.dialect.Dialect [main] HHH000400: Using dialect: org.hibernate.dialect.MySQL8Dialect
2022-06-16 16:24:49,517 INFO org.hibernate.engine.transaction.jta.platform.internal.JtaPlatformInitiator [main] HHH000490: Using JtaPlatform implementation: [org.hibernate.engine.transaction.jta.platform.internal.NoJtaPlatform]
2022-06-16 16:24:49,522 INFO org.springframework.orm.jpa.AbstractEntityManagerFactoryBean [main] Initialized JPA EntityManagerFactory for persistence unit 'default'
2022-06-16 16:24:49,842 DEBUG org.springframework.web.filter.GenericFilterBean [main] Filter 'authenticationJwtTokenFilter' configured for use
2022-06-16 16:24:51,098 INFO org.springframework.security.web.DefaultSecurityFilterChain [main] Will secure any request with [org.springframework.security.web.context.request.async.WebAsyncManagerIntegrationFilter@3bd5dff5, org.springframework.security.web.context.SecurityContextPersistenceFilter@1b72f9a, org.springframework.security.web.header.HeaderWriterFilter@3bd1c7f0, org.springframework.web.filter.CorsFilter@6df605f, org.springframework.security.web.authentication.logout.LogoutFilter@6b72c62, com.vmo.core.security.jwt.JwtAuthenticationFilter@5184da2b, org.springframework.security.web.savedrequest.RequestCacheAwareFilter@55f29d39, org.springframework.security.web.servletapi.SecurityContextHolderAwareRequestFilter@739500b8, org.springframework.security.web.authentication.AnonymousAuthenticationFilter@68cc6fa4, org.springframework.security.web.session.SessionManagementFilter@299e245c, org.springframework.security.web.access.ExceptionTranslationFilter@4303511e, org.springframework.security.web.access.intercept.FilterSecurityInterceptor@1c00a9f0]
2022-06-16 16:24:51,131 INFO org.apache.juli.logging.DirectJDKLog [main] Starting ProtocolHandler ["http-nio-8080"]
2022-06-16 16:24:51,166 INFO org.springframework.boot.web.embedded.tomcat.TomcatWebServer [main] Tomcat started on port(s): 8080 (http) with context path ''
2022-06-16 16:24:51,175 INFO org.springframework.boot.StartupInfoLogger [main] Started CoreSpringApplication in 5.902 seconds (JVM running for 6.977)
2022-06-16 16:24:51,522 INFO com.vmo.core.CoreSpringApplication [main] Info level log message
2022-06-16 16:24:51,523 DEBUG com.vmo.core.CoreSpringApplication [main] Debug level log message
2022-06-16 16:24:51,523 ERROR com.vmo.core.CoreSpringApplication [main] Error level log message
2022-06-16 16:25:16,139 INFO org.apache.juli.logging.DirectJDKLog [http-nio-8080-exec-3] Initializing Spring DispatcherServlet 'dispatcherServlet'
2022-06-16 16:25:16,140 INFO org.springframework.web.servlet.FrameworkServlet [http-nio-8080-exec-3] Initializing Servlet 'dispatcherServlet'
2022-06-16 16:25:16,141 INFO org.springframework.web.servlet.FrameworkServlet [http-nio-8080-exec-3] Completed initialization in 1 ms
2022-06-16 16:25:16,260 INFO com.vmo.core.common.TestInterceptor [http-nio-8080-exec-3] Executing Before Handler method...
2022-06-16 16:25:19,712 INFO com.vmo.core.common.TestInterceptor [http-nio-8080-exec-3] Executing After Handler method...
2022-06-16 16:25:19,713 INFO com.vmo.core.common.TestInterceptor [http-nio-8080-exec-3] After completing request...
2022-06-16 16:29:07,042 INFO org.springframework.orm.jpa.AbstractEntityManagerFactoryBean [SpringApplicationShutdownHook] Closing JPA EntityManagerFactory for persistence unit 'default'
2022-06-16 16:29:07,052 INFO com.zaxxer.hikari.HikariDataSource [SpringApplicationShutdownHook] HikariPool-1 - Shutdown initiated...
2022-06-16 16:29:07,071 INFO com.zaxxer.hikari.HikariDataSource [SpringApplicationShutdownHook] HikariPool-1 - Shutdown completed.
2022-06-16 16:29:11,309 INFO org.hibernate.validator.internal.util.Version [background-preinit] HV000001: Hibernate Validator 6.2.0.Final
2022-06-16 16:29:11,344 INFO org.springframework.boot.StartupInfoLogger [main] Starting CoreSpringApplication using Java 16.0.2 on DESKTOP-BHI1D2G with PID 14348 (D:\vmo\web project\javaspring\target\classes started by ASUS in D:\vmo\web project\javaspring)
2022-06-16 16:29:11,345 DEBUG org.springframework.boot.StartupInfoLogger [main] Running with Spring Boot v2.5.1, Spring v5.3.8
2022-06-16 16:29:11,345 INFO org.springframework.boot.SpringApplication [main] No active profile set, falling back to default profiles: default
2022-06-16 16:29:12,353 INFO org.springframework.data.repository.config.RepositoryConfigurationDelegate [main] Multiple Spring Data modules found, entering strict repository configuration mode!
2022-06-16 16:29:12,354 INFO org.springframework.data.repository.config.RepositoryConfigurationDelegate [main] Bootstrapping Spring Data Redis repositories in DEFAULT mode.
2022-06-16 16:29:12,385 INFO org.springframework.data.repository.config.RepositoryConfigurationDelegate [main] Finished Spring Data repository scanning in 10 ms. Found 0 Redis repository interfaces.
2022-06-16 16:29:13,325 INFO org.springframework.data.repository.config.RepositoryConfigurationDelegate [main] Multiple Spring Data modules found, entering strict repository configuration mode!
2022-06-16 16:29:13,326 INFO org.springframework.data.repository.config.RepositoryConfigurationDelegate [main] Bootstrapping Spring Data JPA repositories in DEFAULT mode.
2022-06-16 16:29:14,201 INFO org.springframework.data.repository.config.RepositoryConfigurationDelegate [main] Finished Spring Data repository scanning in 864 ms. Found 2 JPA repository interfaces.
2022-06-16 16:29:14,239 INFO org.springframework.data.repository.config.RepositoryConfigurationDelegate [main] Multiple Spring Data modules found, entering strict repository configuration mode!
2022-06-16 16:29:14,240 INFO org.springframework.data.repository.config.RepositoryConfigurationDelegate [main] Bootstrapping Spring Data Redis repositories in DEFAULT mode.
2022-06-16 16:29:14,268 INFO org.springframework.data.repository.config.RepositoryConfigurationExtensionSupport [main] Spring Data Redis - Could not safely identify store assignment for repository candidate interface com.vmo.core.repositories.AccountRepository. If you want this repository to be a Redis repository, consider annotating your entities with one of these annotations: org.springframework.data.redis.core.RedisHash (preferred), or consider extending one of the following types with your repository: org.springframework.data.keyvalue.repository.KeyValueRepository.
2022-06-16 16:29:14,269 INFO org.springframework.data.repository.config.RepositoryConfigurationExtensionSupport [main] Spring Data Redis - Could not safely identify store assignment for repository candidate interface com.vmo.core.repositories.PersonRepository. If you want this repository to be a Redis repository, consider annotating your entities with one of these annotations: org.springframework.data.redis.core.RedisHash (preferred), or consider extending one of the following types with your repository: org.springframework.data.keyvalue.repository.KeyValueRepository.
2022-06-16 16:29:14,270 INFO org.springframework.data.repository.config.RepositoryConfigurationDelegate [main] Finished Spring Data repository scanning in 30 ms. Found 0 Redis repository interfaces.
2022-06-16 16:29:17,418 INFO org.springframework.boot.web.embedded.tomcat.TomcatWebServer [main] Tomcat initialized with port(s): 8080 (http)
2022-06-16 16:29:17,489 INFO org.apache.juli.logging.DirectJDKLog [main] Initializing ProtocolHandler ["http-nio-8080"]
2022-06-16 16:29:17,490 INFO org.apache.juli.logging.DirectJDKLog [main] Starting service [Tomcat]
2022-06-16 16:29:17,491 INFO org.apache.juli.logging.DirectJDKLog [main] Starting Servlet engine: [Apache Tomcat/9.0.46]
2022-06-16 16:29:19,348 INFO org.apache.juli.logging.DirectJDKLog [main] Initializing Spring embedded WebApplicationContext
2022-06-16 16:29:19,349 INFO org.springframework.boot.web.servlet.context.ServletWebServerApplicationContext [main] Root WebApplicationContext: initialization completed in 7936 ms
2022-06-16 16:29:19,734 WARN org.springframework.boot.autoconfigure.orm.jpa.JpaBaseConfiguration$JpaWebConfiguration [main] spring.jpa.open-in-view is enabled by default. Therefore, database queries may be performed during view rendering. Explicitly configure spring.jpa.open-in-view to disable this warning
2022-06-16 16:29:19,986 INFO com.zaxxer.hikari.HikariDataSource [main] HikariPool-1 - Starting...
2022-06-16 16:29:20,301 INFO com.zaxxer.hikari.HikariDataSource [main] HikariPool-1 - Start completed.
2022-06-16 16:29:20,362 INFO org.hibernate.jpa.internal.util.LogHelper [main] HHH000204: Processing PersistenceUnitInfo [name: default]
2022-06-16 16:29:20,415 INFO org.hibernate.Version [main] HHH000412: Hibernate ORM core version 5.4.32.Final
2022-06-16 16:29:20,563 INFO org.hibernate.annotations.common.reflection.java.JavaReflectionManager [main] HCANN000001: Hibernate Commons Annotations {5.1.2.Final}
2022-06-16 16:29:20,661 INFO org.hibernate.dialect.Dialect [main] HHH000400: Using dialect: org.hibernate.dialect.MySQL8Dialect
2022-06-16 16:29:21,240 INFO org.hibernate.engine.transaction.jta.platform.internal.JtaPlatformInitiator [main] HHH000490: Using JtaPlatform implementation: [org.hibernate.engine.transaction.jta.platform.internal.NoJtaPlatform]
2022-06-16 16:29:21,248 INFO org.springframework.orm.jpa.AbstractEntityManagerFactoryBean [main] Initialized JPA EntityManagerFactory for persistence unit 'default'
2022-06-16 16:29:21,581 DEBUG org.springframework.web.filter.GenericFilterBean [main] Filter 'authenticationJwtTokenFilter' configured for use
2022-06-16 16:29:22,839 INFO org.springframework.security.web.DefaultSecurityFilterChain [main] Will secure any request with [org.springframework.security.web.context.request.async.WebAsyncManagerIntegrationFilter@116fe252, org.springframework.security.web.context.SecurityContextPersistenceFilter@299e245c, org.springframework.security.web.header.HeaderWriterFilter@20183e2d, org.springframework.web.filter.CorsFilter@7b8b755d, org.springframework.security.web.authentication.logout.LogoutFilter@655875bb, com.vmo.core.security.jwt.JwtAuthenticationFilter@5184da2b, org.springframework.security.web.savedrequest.RequestCacheAwareFilter@1b72f9a, org.springframework.security.web.servletapi.SecurityContextHolderAwareRequestFilter@454f6cc5, org.springframework.security.web.authentication.AnonymousAuthenticationFilter@3bd5dff5, org.springframework.security.web.session.SessionManagementFilter@5472c27a, org.springframework.security.web.access.ExceptionTranslationFilter@44233014, org.springframework.security.web.access.intercept.FilterSecurityInterceptor@3a8cc099]
2022-06-16 16:29:22,871 INFO org.apache.juli.logging.DirectJDKLog [main] Starting ProtocolHandler ["http-nio-8080"]
2022-06-16 16:29:22,896 INFO org.springframework.boot.web.embedded.tomcat.TomcatWebServer [main] Tomcat started on port(s): 8080 (http) with context path ''
2022-06-16 16:29:22,906 INFO org.springframework.boot.StartupInfoLogger [main] Started CoreSpringApplication in 11.906 seconds (JVM running for 12.847)
2022-06-16 16:29:23,319 INFO com.vmo.core.CoreSpringApplication [main] Info level log message
2022-06-16 16:29:23,320 DEBUG com.vmo.core.CoreSpringApplication [main] Debug level log message
2022-06-16 16:29:23,321 ERROR com.vmo.core.CoreSpringApplication [main] Error level log message
2022-06-16 17:23:28,590 INFO org.springframework.orm.jpa.AbstractEntityManagerFactoryBean [SpringApplicationShutdownHook] Closing JPA EntityManagerFactory for persistence unit 'default'
2022-06-16 17:23:28,641 INFO com.zaxxer.hikari.HikariDataSource [SpringApplicationShutdownHook] HikariPool-1 - Shutdown initiated...
2022-06-16 17:23:28,677 INFO com.zaxxer.hikari.HikariDataSource [SpringApplicationShutdownHook] HikariPool-1 - Shutdown completed.
